# JRE version: Java(TM) SE Runtime Environment (7.0_75-b13) (build 1.7.0_75-b13)
# Java VM: Java HotSpot(TM) 64-Bit Server VM (24.75-b04 mixed mode windows-amd64 compressed oops)
Heap
 PSYoungGen      total 281088K, used 280551K [0x00000000eaa80000, 0x00000000fdb80000, 0x0000000100000000)
  eden space 277504K, 99% used [0x00000000eaa80000,0x00000000fb921d98,0x00000000fb980000)
  from space 3584K, 95% used [0x00000000fd800000,0x00000000fdb58060,0x00000000fdb80000)
  to   space 16384K, 0% used [0x00000000fbb80000,0x00000000fbb80000,0x00000000fcb80000)
 ParOldGen       total 71680K, used 52154K [0x00000000c0000000, 0x00000000c4600000, 0x00000000eaa80000)
  object space 71680K, 72% used [0x00000000c0000000,0x00000000c32ee808,0x00000000c4600000)
 PSPermGen       total 98816K, used 55335K [0x00000000b0000000, 0x00000000b6080000, 0x00000000c0000000)
  object space 98816K, 55% used [0x00000000b0000000,0x00000000b3609fa0,0x00000000b6080000)
GC Heap History (10 events):
Event: 40.163 GC heap before
{Heap before GC invocations=17 (full 2):
 PSYoungGen      total 224256K, used 1583K [0x00000000eaa80000, 0x00000000ff780000, 0x0000000100000000)
  eden space 222208K, 0% used [0x00000000eaa80000,0x00000000eaa80000,0x00000000f8380000)
  from space 2048K, 77% used [0x00000000fd780000,0x00000000fd90bf08,0x00000000fd980000)
  to   space 17408K, 0% used [0x00000000fe680000,0x00000000fe680000,0x00000000ff780000)
 ParOldGen       total 71680K, used 55452K [0x00000000c0000000, 0x00000000c4600000, 0x00000000eaa80000)
  object space 71680K, 77% used [0x00000000c0000000,0x00000000c3627030,0x00000000c4600000)
 PSPermGen       total 78848K, used 46673K [0x00000000b0000000, 0x00000000b4d00000, 0x00000000c0000000)
  object space 78848K, 59% used [0x00000000b0000000,0x00000000b2d94580,0x00000000b4d00000)
Event: 40.422 GC heap after
Heap after GC invocations=17 (full 2):
 PSYoungGen      total 224256K, used 0K [0x00000000eaa80000, 0x00000000ff780000, 0x0000000100000000)
  eden space 222208K, 0% used [0x00000000eaa80000,0x00000000eaa80000,0x00000000f8380000)
  from space 2048K, 0% used [0x00000000fd780000,0x00000000fd780000,0x00000000fd980000)
  to   space 17408K, 0% used [0x00000000fe680000,0x00000000fe680000,0x00000000ff780000)
 ParOldGen       total 71680K, used 46201K [0x00000000c0000000, 0x00000000c4600000, 0x00000000eaa80000)
  object space 71680K, 64% used [0x00000000c0000000,0x00000000c2d1e5c8,0x00000000c4600000)
 PSPermGen       total 94208K, used 46659K [0x00000000b0000000, 0x00000000b5c00000, 0x00000000c0000000)
  object space 94208K, 49% used [0x00000000b0000000,0x00000000b2d90d10,0x00000000b5c00000)
}
Event: 206.326 GC heap before
{Heap before GC invocations=18 (full 2):
 PSYoungGen      total 224256K, used 222208K [0x00000000eaa80000, 0x00000000ff780000, 0x0000000100000000)
  eden space 222208K, 100% used [0x00000000eaa80000,0x00000000f8380000,0x00000000f8380000)
  from space 2048K, 0% used [0x00000000fd780000,0x00000000fd780000,0x00000000fd980000)
  to   space 17408K, 0% used [0x00000000fe680000,0x00000000fe680000,0x00000000ff780000)
 ParOldGen       total 71680K, used 46201K [0x00000000c0000000, 0x00000000c4600000, 0x00000000eaa80000)
  object space 71680K, 64% used [0x00000000c0000000,0x00000000c2d1e5c8,0x00000000c4600000)
 PSPermGen       total 94208K, used 49039K [0x00000000b0000000, 0x00000000b5c00000, 0x00000000c0000000)
  object space 94208K, 52% used [0x00000000b0000000,0x00000000b2fe3da8,0x00000000b5c00000)
Event: 206.333 GC heap after
Heap after GC invocations=18 (full 2):
 PSYoungGen      total 258560K, used 6698K [0x00000000eaa80000, 0x00000000fed80000, 0x0000000100000000)
  eden space 251392K, 0% used [0x00000000eaa80000,0x00000000eaa80000,0x00000000fa000000)
  from space 7168K, 93% used [0x00000000fe680000,0x00000000fed0aab0,0x00000000fed80000)
  to   space 16384K, 0% used [0x00000000fcd80000,0x00000000fcd80000,0x00000000fdd80000)
 ParOldGen       total 71680K, used 46201K [0x00000000c0000000, 0x00000000c4600000, 0x00000000eaa80000)
  object space 71680K, 64% used [0x00000000c0000000,0x00000000c2d1e5c8,0x00000000c4600000)
 PSPermGen       total 94208K, used 49039K [0x00000000b0000000, 0x00000000b5c00000, 0x00000000c0000000)
  object space 94208K, 52% used [0x00000000b0000000,0x00000000b2fe3da8,0x00000000b5c00000)
}
Event: 212.547 GC heap before
{Heap before GC invocations=19 (full 2):
 PSYoungGen      total 258560K, used 141369K [0x00000000eaa80000, 0x00000000fed80000, 0x0000000100000000)
  eden space 251392K, 53% used [0x00000000eaa80000,0x00000000f2e039b8,0x00000000fa000000)
  from space 7168K, 93% used [0x00000000fe680000,0x00000000fed0aab0,0x00000000fed80000)
  to   space 16384K, 0% used [0x00000000fcd80000,0x00000000fcd80000,0x00000000fdd80000)
 ParOldGen       total 71680K, used 46201K [0x00000000c0000000, 0x00000000c4600000, 0x00000000eaa80000)
  object space 71680K, 64% used [0x00000000c0000000,0x00000000c2d1e5c8,0x00000000c4600000)
 PSPermGen       total 94208K, used 53455K [0x00000000b0000000, 0x00000000b5c00000, 0x00000000c0000000)
  object space 94208K, 56% used [0x00000000b0000000,0x00000000b3433ee8,0x00000000b5c00000)
Event: 212.557 GC heap after
Heap after GC invocations=19 (full 2):
 PSYoungGen      total 262144K, used 10378K [0x00000000eaa80000, 0x00000000fe700000, 0x0000000100000000)
  eden space 251392K, 0% used [0x00000000eaa80000,0x00000000eaa80000,0x00000000fa000000)
  from space 10752K, 96% used [0x00000000fcd80000,0x00000000fd7a2bc0,0x00000000fd800000)
  to   space 15360K, 0% used [0x00000000fd800000,0x00000000fd800000,0x00000000fe700000)
 ParOldGen       total 71680K, used 46209K [0x00000000c0000000, 0x00000000c4600000, 0x00000000eaa80000)
  object space 71680K, 64% used [0x00000000c0000000,0x00000000c2d205c8,0x00000000c4600000)
 PSPermGen       total 94208K, used 53455K [0x00000000b0000000, 0x00000000b5c00000, 0x00000000c0000000)
  object space 94208K, 56% used [0x00000000b0000000,0x00000000b3433ee8,0x00000000b5c00000)
}
Event: 212.557 GC heap before
{Heap before GC invocations=20 (full 3):
 PSYoungGen      total 262144K, used 10378K [0x00000000eaa80000, 0x00000000fe700000, 0x0000000100000000)
  eden space 251392K, 0% used [0x00000000eaa80000,0x00000000eaa80000,0x00000000fa000000)
  from space 10752K, 96% used [0x00000000fcd80000,0x00000000fd7a2bc0,0x00000000fd800000)
  to   space 15360K, 0% used [0x00000000fd800000,0x00000000fd800000,0x00000000fe700000)
 ParOldGen       total 71680K, used 46209K [0x00000000c0000000, 0x00000000c4600000, 0x00000000eaa80000)
  object space 71680K, 64% used [0x00000000c0000000,0x00000000c2d205c8,0x00000000c4600000)
 PSPermGen       total 94208K, used 53455K [0x00000000b0000000, 0x00000000b5c00000, 0x00000000c0000000)
  object space 94208K, 56% used [0x00000000b0000000,0x00000000b3433ee8,0x00000000b5c00000)
Event: 213.061 GC heap after
Heap after GC invocations=20 (full 3):
 PSYoungGen      total 262144K, used 0K [0x00000000eaa80000, 0x00000000fe700000, 0x0000000100000000)
  eden space 251392K, 0% used [0x00000000eaa80000,0x00000000eaa80000,0x00000000fa000000)
  from space 10752K, 0% used [0x00000000fcd80000,0x00000000fcd80000,0x00000000fd800000)
  to   space 15360K, 0% used [0x00000000fd800000,0x00000000fd800000,0x00000000fe700000)
 ParOldGen       total 71680K, used 52146K [0x00000000c0000000, 0x00000000c4600000, 0x00000000eaa80000)
  object space 71680K, 72% used [0x00000000c0000000,0x00000000c32ec808,0x00000000c4600000)
 PSPermGen       total 98816K, used 53378K [0x00000000b0000000, 0x00000000b6080000, 0x00000000c0000000)
  object space 98816K, 54% used [0x00000000b0000000,0x00000000b3420948,0x00000000b6080000)
}
Event: 301.607 GC heap before
{Heap before GC invocations=21 (full 3):
 PSYoungGen      total 262144K, used 251392K [0x00000000eaa80000, 0x00000000fe700000, 0x0000000100000000)
  eden space 251392K, 100% used [0x00000000eaa80000,0x00000000fa000000,0x00000000fa000000)
  from space 10752K, 0% used [0x00000000fcd80000,0x00000000fcd80000,0x00000000fd800000)
  to   space 15360K, 0% used [0x00000000fd800000,0x00000000fd800000,0x00000000fe700000)
 ParOldGen       total 71680K, used 52146K [0x00000000c0000000, 0x00000000c4600000, 0x00000000eaa80000)
  object space 71680K, 72% used [0x00000000c0000000,0x00000000c32ec808,0x00000000c4600000)
 PSPermGen       total 98816K, used 53984K [0x00000000b0000000, 0x00000000b6080000, 0x00000000c0000000)
  object space 98816K, 54% used [0x00000000b0000000,0x00000000b34b8178,0x00000000b6080000)
Event: 301.612 GC heap after
Heap after GC invocations=21 (full 3):
 PSYoungGen      total 281088K, used 3424K [0x00000000eaa80000, 0x00000000fdb80000, 0x0000000100000000)
  eden space 277504K, 0% used [0x00000000eaa80000,0x00000000eaa80000,0x00000000fb980000)
  from space 3584K, 95% used [0x00000000fd800000,0x00000000fdb58060,0x00000000fdb80000)
  to   space 16384K, 0% used [0x00000000fbb80000,0x00000000fbb80000,0x00000000fcb80000)
 ParOldGen       total 71680K, used 52154K [0x00000000c0000000, 0x00000000c4600000, 0x00000000eaa80000)
  object space 71680K, 72% used [0x00000000c0000000,0x00000000c32ee808,0x00000000c4600000)
 PSPermGen       total 98816K, used 53984K [0x00000000b0000000, 0x00000000b6080000, 0x00000000c0000000)
  object space 98816K, 54% used [0x00000000b0000000,0x00000000b34b8178,0x00000000b6080000)
}

